Transaction
Number:
1
Date:
Jun-12-2024,15:39
Cash:
20
Card
Merchanr:
Visa
Card
pay:2
Change:12
Transaction
Number:
1
Date:
Jun-12-2024,15:39
Cash:
0
Card
Merchanr:
Visa
Card
pay:10.000000000000000000000000000
Change:0
Transaction
Number:
1
Date:
Jun-12-2024,15:40
Cash:
0
Card
Merchanr:
Visa
Card
pay:10
Change:0
1,Jun-12-2024,21:52,$100,MasterCard,$40.636666666666666666666666667,$18.73
1,Jun-12-2024,22:07,$0,MasterCard,$60,$20
2,Jun-12-2024,22:08,$100,MasterCard,$30,$70
1,Jun-12-2024,22:56,$100,Visa,$0,$90
Transaction
Number:
1

Date:
Jun-12-2024,22:58

Cash:
0

Card
Merchant:
Discover

Card
pay:100

Change:0
Transaction
Number:1
Date:Jun-12-2024,23:01

Cash:$100

Card
Merchant:Discover

Card
pay:$20

Change:$20
Transaction
Number:1Date:Jun-12-2024,23:07
Cash:$100
Card
Merchant:MasterCard
Card
pay:$25
Change:$25
Transaction
Number:1
Date:Jun-12-2024,23:10
Cash:$100
Card
Merchant:MasterCard
Card
pay:$20
Change:$20
